Release 10.1 Map K.31 (nt)
Xilinx Mapping Report File for Design 'Dispensador'

Design Information
------------------
Command Line   : map -ise "C:/Documents and Settings/USER/Mis
documentos/David/UNAL/Quinto semestre/Digitales/Laboratorio
6/disp/practica5.ise" -intstyle ise -p xc3s200-ft256-5 -cm area -pr off -k 4 -c
100 -o Dispensador_map.ncd Dispensador.ngd Dispensador.pcf 
Target Device  : xc3s200
Target Package : ft256
Target Speed   : -5
Mapper Version : spartan3 -- $Revision: 1.46 $
Mapped Date    : Thu Nov 04 19:04:51 2010

Design Summary
--------------
Number of errors:      0
Number of warnings:    3
Logic Utilization:
  Total Number Slice Registers:         131 out of   3,840    3%
    Number used as Flip Flops:          119
    Number used as Latches:              12
  Number of 4 input LUTs:               109 out of   3,840    2%
Logic Distribution:
  Number of occupied Slices:            111 out of   1,920    5%
    Number of Slices containing only related logic:     111 out of     111 100%
    Number of Slices containing unrelated logic:          0 out of     111   0%
      *See NOTES below for an explanation of the effects of unrelated logic.
  Total Number of 4 input LUTs:         202 out of   3,840    5%
    Number used as logic:               109
    Number used as a route-thru:         93
  Number of bonded IOBs:                 14 out of     173    8%
  Number of BUFGMUXs:                     2 out of       8   25%

Peak Memory Usage:  137 MB
Total REAL time to MAP completion:  5 secs 
Total CPU time to MAP completion:   2 secs 

NOTES:

   Related logic is defined as being logic that shares connectivity - e.g. two
   LUTs are "related" if they share common inputs.  When assembling slices,
   Map gives priority to combine logic that is related.  Doing so results in
   the best timing performance.

   Unrelated logic shares no connectivity.  Map will only begin packing
   unrelated logic into a slice once 99% of the slices are occupied through
   related logic packing.

   Note that once logic distribution reaches the 99% level through related
   logic packing, this does not mean the device is completely utilized.
   Unrelated logic packing will then begin, continuing until all usable LUTs
   and FFs are occupied.  Depending on your timing budget, increased levels of
   unrelated logic packing may adversely affect the overall timing performance
   of your design.

Table of Contents
-----------------
Section 1 - Errors
Section 2 - Warnings
Section 3 - Informational
Section 4 - Removed Logic Summary
Section 5 - Removed Logic
Section 6 - IOB Properties
Section 7 - RPMs
Section 8 - Guide Report
Section 9 - Area Group and Partition Summary
Section 10 - Modular Design Summary
Section 11 - Timing Report
Section 12 - Configuration String Information
Section 13 - Control Set Information
Section 14 - Utilization by Hierarchy

Section 1 - Errors
------------------

Section 2 - Warnings
--------------------
WARNING:PhysDesignRules:372 - Gated clock. Clock net monedas_not0001 is sourced
   by a combinatorial pin. This is not good design practice. Use the CE pin to
   control the loading of data into the flip-flop.
WARNING:PhysDesignRules:372 - Gated clock. Clock net nestado_not0001 is sourced
   by a combinatorial pin. This is not good design practice. Use the CE pin to
   control the loading of data into the flip-flop.
WARNING:PhysDesignRules:372 - Gated clock. Clock net producto_not0001 is sourced
   by a combinatorial pin. This is not good design practice. Use the CE pin to
   control the loading of data into the flip-flop.

Section 3 - Informational
-------------------------
INFO:MapLib:562 - No environment variables are currently set.
INFO:LIT:244 - All of the single ended outputs in this design are using slew
   rate limited output drivers. The delay on speed critical single ended outputs
   can be dramatically reduced by designating them as fast outputs.

Section 4 - Removed Logic Summary
---------------------------------
   2 block(s) optimized away

Section 5 - Removed Logic
-------------------------

Optimized Block(s):
TYPE 		BLOCK
GND 		XST_GND
VCC 		XST_VCC

To enable printing of redundant blocks removed and signals merged, set the
detailed map report option and rerun map.

Section 6 - IOB Properties
--------------------------

+----------------------------------------------------------------------------------------------------------------------------------------+
| IOB Name                           | Type             | Direction | IO Standard | Drive    | Slew | Reg (s)      | Resistor | IOB      |
|                                    |                  |           |             | Strength | Rate |              |          | Delay    |
+----------------------------------------------------------------------------------------------------------------------------------------+
| clk                                | IOB              | INPUT     | LVCMOS25    |          |      |              |          |          |
| d                                  | IOB              | INPUT     | LVCMOS25    |          |      |              |          |          |
| seg<0>                             | IOB              | OUTPUT    | LVCMOS25    | 12       | SLOW |              |          |          |
| seg<1>                             | IOB              | OUTPUT    | LVCMOS25    | 12       | SLOW |              |          |          |
| seg<2>                             | IOB              | OUTPUT    | LVCMOS25    | 12       | SLOW |              |          |          |
| seg<3>                             | IOB              | OUTPUT    | LVCMOS25    | 12       | SLOW |              |          |          |
| u                                  | IOB              | INPUT     | LVCMOS25    |          |      |              |          |          |
| vis<0>                             | IOB              | OUTPUT    | LVCMOS25    | 12       | SLOW |              |          |          |
| vis<1>                             | IOB              | OUTPUT    | LVCMOS25    | 12       | SLOW |              |          |          |
| vis<2>                             | IOB              | OUTPUT    | LVCMOS25    | 12       | SLOW |              |          |          |
| vis<3>                             | IOB              | OUTPUT    | LVCMOS25    | 12       | SLOW |              |          |          |
| vis<4>                             | IOB              | OUTPUT    | LVCMOS25    | 12       | SLOW |              |          |          |
| vis<5>                             | IOB              | OUTPUT    | LVCMOS25    | 12       | SLOW |              |          |          |
| vis<6>                             | IOB              | OUTPUT    | LVCMOS25    | 12       | SLOW |              |          |          |
+----------------------------------------------------------------------------------------------------------------------------------------+

Section 7 - RPMs
----------------

Section 8 - Guide Report
------------------------
Guide not run on this design.

Section 9 - Area Group and Partition Summary
--------------------------------------------

Partition Implementation Status
-------------------------------

  No Partitions were found in this design.

-------------------------------

Area Group Information
----------------------

  No area groups were found in this design.

----------------------

Section 10 - Modular Design Summary
-----------------------------------
Modular Design not used for this design.

Section 11 - Timing Report
--------------------------
This design was not run using timing mode.

Section 12 - Configuration String Details
-----------------------------------------
Use the "-detail" map option to print out Configuration Strings

Section 13 - Control Set Information
------------------------------------
No control set information for this architecture.

Section 14 - Utilization by Hierarchy
-------------------------------------
+-----------------------------------------------------------------------------------------------------------------------------------------------------------------------+
| Module             | Partition | Slices        | Slice Reg     | LUTs          | LUTRAM        | BRAM      | MULT18X18 | BUFG  | DCM   | Full Hierarchical Name       |
+-----------------------------------------------------------------------------------------------------------------------------------------------------------------------+
| Dispensador/       |           | 109/151       | 65/131        | 184/202       | 0/0           | 0/0       | 0/0       | 1/2   | 0/0   | Dispensador                  |
| +frecuenciareloj   |           | 21/21         | 33/33         | 9/9           | 0/0           | 0/0       | 0/0       | 0/0   | 0/0   | Dispensador/frecuenciareloj  |
| +frecuenciavisual  |           | 21/21         | 33/33         | 9/9           | 0/0           | 0/0       | 0/0       | 1/1   | 0/0   | Dispensador/frecuenciavisual |
+-----------------------------------------------------------------------------------------------------------------------------------------------------------------------+

* Slices can be packed with basic elements from multiple hierarchies.
  Therefore, a slice will be counted in every hierarchical module
  that each of its packed basic elements belong to.
** For each column, there are two numbers reported <A>/<B>.
   <A> is the number of elements that belong to that specific hierarchical module.
   <B> is the total number of elements from that hierarchical module and any lower level
   hierarchical modules below.
*** The LUTRAM column counts all LUTs used as memory including RAM, ROM, and shift registers.
