--------------------------------------------------------------------------------
Release 10.1 Trace  (nt)
Copyright (c) 1995-2008 Xilinx, Inc.  All rights reserved.

C:\Xilinx\10.1\ISE\bin\nt\unwrapped\trce.exe -ise
C:/Documents and Settings/USER/Mis documentos/David/UNAL/Quinto semestre/Digitales/Laboratorio 6/disp/practica5.ise
-intstyle ise -e 3 -s 5 -xml Dispensador Dispensador.ncd -o Dispensador.twr
Dispensador.pcf -ucf Dispensador.ucf

Design file:              Dispensador.ncd
Physical constraint file: Dispensador.pcf
Device,package,speed:     xc3s200,ft256,-5 (PRODUCTION 1.39 2008-01-09)
Report level:             error report

Environment Variable      Effect 
--------------------      ------ 
NONE                      No environment variables were set
--------------------------------------------------------------------------------

INFO:Timing:2698 - No timing constraints found, doing default enumeration.
INFO:Timing:2752 - To get complete path coverage, use the unconstrained paths 
   option. All paths that are not constrained will be reported in the 
   unconstrained paths section(s) of the report.
INFO:Timing:3339 - The clock-to-out numbers in this timing report are based on 
   a 50 Ohm transmission line loading model.  For the details of this model, 
   and for more information on accounting for different loading conditions, 
   please see the device datasheet.



Data Sheet report:
-----------------
All values displayed in nanoseconds (ns)

Clock to Setup on destination clock clk
---------------+---------+---------+---------+---------+
               | Src:Rise| Src:Fall| Src:Rise| Src:Fall|
Source Clock   |Dest:Rise|Dest:Rise|Dest:Fall|Dest:Fall|
---------------+---------+---------+---------+---------+
clk            |    5.990|         |         |         |
---------------+---------+---------+---------+---------+

Clock to Setup on destination clock d
---------------+---------+---------+---------+---------+
               | Src:Rise| Src:Fall| Src:Rise| Src:Fall|
Source Clock   |Dest:Rise|Dest:Rise|Dest:Fall|Dest:Fall|
---------------+---------+---------+---------+---------+
d              |         |         |    1.657|    2.055|
u              |         |         |    1.520|    2.055|
---------------+---------+---------+---------+---------+

Clock to Setup on destination clock u
---------------+---------+---------+---------+---------+
               | Src:Rise| Src:Fall| Src:Rise| Src:Fall|
Source Clock   |Dest:Rise|Dest:Rise|Dest:Fall|Dest:Fall|
---------------+---------+---------+---------+---------+
d              |         |         |    2.682|    2.682|
u              |         |         |    2.545|    2.545|
---------------+---------+---------+---------+---------+


Analysis completed Thu Nov 04 19:05:14 2010 
--------------------------------------------------------------------------------

Trace Settings:
-------------------------
Trace Settings 

Peak Memory Usage: 75 MB



