Asterisk (*) preceding a constraint indicates it was not met.
   This may be due to a setup or hold violation.

------------------------------------------------------------------------------------------------------
  Constraint                                |  Check  | Worst Case |  Best Case | Timing |   Timing   
                                            |         |    Slack   | Achievable | Errors |    Score   
------------------------------------------------------------------------------------------------------
  Autotimespec constraint for clock net clk | SETUP   |         N/A|     5.990ns|     N/A|           0
  _BUFGP                                    | HOLD    |     0.779ns|            |       0|           0
------------------------------------------------------------------------------------------------------
  Autotimespec constraint for clock net fre | SETUP   |         N/A|     9.328ns|     N/A|         294
  cuenciavisual/reloj2                      | HOLD    |     0.866ns|            |       0|           0
------------------------------------------------------------------------------------------------------
  Autotimespec constraint for clock net mon | SETUP   |         N/A|     1.990ns|     N/A|           1
  edas_not0001                              | HOLD    |     0.770ns|            |       0|           0
------------------------------------------------------------------------------------------------------
  Autotimespec constraint for clock net pro | SETUP   |         N/A|     2.142ns|     N/A|           0
  ducto_not0001                             | HOLD    |     0.793ns|            |       0|           0
------------------------------------------------------------------------------------------------------


2 constraints not met.
INFO:Timing:2761 - N/A entries in the Constraints list may indicate that the 
   constraint does not cover any paths or that it has no requested value.


