Release 10.1 - xst K.31 (nt)
Copyright (c) 1995-2008 Xilinx, Inc.  All rights reserved.
--> Parameter TMPDIR set to C:/Documents and Settings/USER/Mis documentos/David/UNAL/Quinto semestre/Digitales/Finalcontador/xst/projnav.tmp


Total REAL time to Xst completion: 1.00 secs
Total CPU time to Xst completion: 0.42 secs
 
--> Parameter xsthdpdir set to C:/Documents and Settings/USER/Mis documentos/David/UNAL/Quinto semestre/Digitales/Finalcontador/xst


Total REAL time to Xst completion: 1.00 secs
Total CPU time to Xst completion: 0.44 secs
 
--> Reading design: contador.prj

TABLE OF CONTENTS
  1) Synthesis Options Summary
  2) HDL Compilation
  3) Design Hierarchy Analysis
  4) HDL Analysis
  5) HDL Synthesis
     5.1) HDL Synthesis Report
  6) Advanced HDL Synthesis
     6.1) Advanced HDL Synthesis Report
  7) Low Level Synthesis
  8) Partition Report
  9) Final Report
     9.1) Device utilization summary
     9.2) Partition Resource Summary
     9.3) TIMING REPORT


=========================================================================
*                      Synthesis Options Summary                        *
=========================================================================
---- Source Parameters
Input File Name                    : "contador.prj"
Input Format                       : mixed
Ignore Synthesis Constraint File   : NO

---- Target Parameters
Output File Name                   : "contador"
Output Format                      : NGC
Target Device                      : xc3s200-5-ft256

---- Source Options
Top Module Name                    : contador
Automatic FSM Extraction           : YES
FSM Encoding Algorithm             : Auto
Safe Implementation                : No
FSM Style                          : lut
RAM Extraction                     : Yes
RAM Style                          : Auto
ROM Extraction                     : Yes
Mux Style                          : Auto
Decoder Extraction                 : YES
Priority Encoder Extraction        : YES
Shift Register Extraction          : YES
Logical Shifter Extraction         : YES
XOR Collapsing                     : YES
ROM Style                          : Auto
Mux Extraction                     : YES
Resource Sharing                   : YES
Asynchronous To Synchronous        : NO
Multiplier Style                   : auto
Automatic Register Balancing       : No

---- Target Options
Add IO Buffers                     : YES
Global Maximum Fanout              : 500
Add Generic Clock Buffer(BUFG)     : 8
Register Duplication               : YES
Slice Packing                      : YES
Optimize Instantiated Primitives   : NO
Use Clock Enable                   : Yes
Use Synchronous Set                : Yes
Use Synchronous Reset              : Yes
Pack IO Registers into IOBs        : auto
Equivalent register Removal        : YES

---- General Options
Optimization Goal                  : Speed
Optimization Effort                : 1
Library Search Order               : contador.lso
Keep Hierarchy                     : NO
Netlist Hierarchy                  : as_optimized
RTL Output                         : Yes
Global Optimization                : AllClockNets
Read Cores                         : YES
Write Timing Constraints           : NO
Cross Clock Analysis               : NO
Hierarchy Separator                : /
Bus Delimiter                      : <>
Case Specifier                     : maintain
Slice Utilization Ratio            : 100
BRAM Utilization Ratio             : 100
Verilog 2001                       : YES
Auto BRAM Packing                  : NO
Slice Utilization Ratio Delta      : 5

=========================================================================


=========================================================================
*                          HDL Compilation                              *
=========================================================================
Compiling verilog file "contador.v" in library work
Module <contador> compiled
No errors in compilation
Analysis of file <"contador.prj"> succeeded.
 

=========================================================================
*                     Design Hierarchy Analysis                         *
=========================================================================
Analyzing hierarchy for module <contador> in library <work>.


=========================================================================
*                            HDL Analysis                               *
=========================================================================
Analyzing top module <contador>.
WARNING:Xst:905 - "contador.v" line 59: One or more signals are missing in the sensitivity list of always block. To enable synthesis of FPGA/CPLD hardware, XST will assume that all necessary signals are present in the sensitivity list. Please note that the result of the synthesis may differ from the initial design specification. The missing signals are:
   <s0>
Module <contador> is correct for synthesis.
 

=========================================================================
*                           HDL Synthesis                               *
=========================================================================

Performing bidirectional port resolution...

Synthesizing Unit <contador>.
    Related source file is "contador.v".
    Found 16x7-bit ROM for signal <vis$mux0000> created at line 81.
    Found 1-of-4 decoder for signal <seg>.
    Found 7-bit register for signal <vis>.
    Found 32-bit up counter for signal <a>.
    Found 4-bit updown counter for signal <count>.
    Found 1-bit register for signal <newclk>.
    Summary:
	inferred   1 ROM(s).
	inferred   2 Counter(s).
	inferred   8 D-type flip-flop(s).
	inferred   1 Decoder(s).
Unit <contador> synthesized.


=========================================================================
HDL Synthesis Report

Macro Statistics
# ROMs                                                 : 1
 16x7-bit ROM                                          : 1
# Counters                                             : 2
 32-bit up counter                                     : 1
 4-bit updown counter                                  : 1
# Registers                                            : 2
 1-bit register                                        : 1
 7-bit register                                        : 1
# Decoders                                             : 1
 1-of-4 decoder                                        : 1

=========================================================================

=========================================================================
*                       Advanced HDL Synthesis                          *
=========================================================================

Loading device for application Rf_Device from file '3s200.nph' in environment C:\Xilinx\10.1\ISE.

Synthesizing (advanced) Unit <contador>.
INFO:Xst - In order to maximize performance and save block RAM resources, the small ROM <Mrom_vis_mux0000> will be implemented on LUT. If you want to force its implementation on block, use option/constraint rom_style.
Unit <contador> synthesized (advanced).

=========================================================================
Advanced HDL Synthesis Report

Macro Statistics
# ROMs                                                 : 1
 16x7-bit ROM                                          : 1
# Counters                                             : 2
 32-bit up counter                                     : 1
 4-bit updown counter                                  : 1
# Registers                                            : 8
 Flip-Flops                                            : 8
# Decoders                                             : 1
 1-of-4 decoder                                        : 1

=========================================================================

=========================================================================
*                         Low Level Synthesis                           *
=========================================================================

Optimizing unit <contador> ...

Mapping all equations...
Building and optimizing final netlist ...
Found area constraint ratio of 100 (+ 5) on block contador, actual ratio is 1.

Final Macro Processing ...

=========================================================================
Final Register Report

Macro Statistics
# Registers                                            : 44
 Flip-Flops                                            : 44

=========================================================================

=========================================================================
*                           Partition Report                             *
=========================================================================

Partition Implementation Status
-------------------------------

  No Partitions were found in this design.

-------------------------------

=========================================================================
*                            Final Report                               *
=========================================================================
Final Results
RTL Top Level Output File Name     : contador.ngr
Top Level Output File Name         : contador
Output Format                      : NGC
Optimization Goal                  : Speed
Keep Hierarchy                     : NO

Design Statistics
# IOs                              : 18

Cell Usage :
# BELS                             : 131
#      GND                         : 1
#      INV                         : 3
#      LUT1                        : 31
#      LUT2                        : 4
#      LUT3                        : 2
#      LUT4                        : 18
#      MUXCY                       : 39
#      MUXF5                       : 1
#      VCC                         : 1
#      XORCY                       : 31
# FlipFlops/Latches                : 44
#      FD                          : 7
#      FDE                         : 1
#      FDR                         : 36
# Clock Buffers                    : 1
#      BUFGP                       : 1
# IO Buffers                       : 17
#      IBUF                        : 6
#      OBUF                        : 11
=========================================================================

Device utilization summary:
---------------------------

Selected Device : 3s200ft256-5 

 Number of Slices:                       29  out of   1920     1%  
 Number of Slice Flip Flops:             44  out of   3840     1%  
 Number of 4 input LUTs:                 58  out of   3840     1%  
 Number of IOs:                          18
 Number of bonded IOBs:                  18  out of    173    10%  
 Number of GCLKs:                         1  out of      8    12%  

---------------------------
Partition Resource Summary:
---------------------------

  No Partitions were found in this design.

---------------------------


=========================================================================
TIMING REPORT

NOTE: THESE TIMING NUMBERS ARE ONLY A SYNTHESIS ESTIMATE.
      FOR ACCURATE TIMING INFORMATION PLEASE REFER TO THE TRACE REPORT
      GENERATED AFTER PLACE-and-ROUTE.

Clock Information:
------------------
-----------------------------------+------------------------+-------+
Clock Signal                       | Clock buffer(FF name)  | Load  |
-----------------------------------+------------------------+-------+
clk                                | BUFGP                  | 33    |
reloj(reloj1:O)                    | NONE(*)(vis_0)         | 11    |
-----------------------------------+------------------------+-------+
(*) This 1 clock signal(s) are generated by combinatorial logic,
and XST is not able to identify which are the primary clock signals.
Please use the CLOCK_SIGNAL constraint to specify the clock signal(s) generated by combinatorial logic.
INFO:Xst:2169 - HDL ADVISOR - Some clock signals were not automatically buffered by XST with BUFG/BUFR resources. Please use the buffer_type constraint in order to insert these buffers to the clock signals to help prevent skew problems.

Asynchronous Control Signals Information:
----------------------------------------
No asynchronous control signals found in this design

Timing Summary:
---------------
Speed Grade: -5

   Minimum period: 5.631ns (Maximum Frequency: 177.590MHz)
   Minimum input arrival time before clock: 2.386ns
   Maximum output required time after clock: 6.216ns
   Maximum combinational path delay: 7.858ns

Timing Detail:
--------------
All values displayed in nanoseconds (ns)

=========================================================================
Timing constraint: Default period analysis for Clock 'clk'
  Clock period: 5.631ns (frequency: 177.590MHz)
  Total number of paths / destination ports: 1585 / 66
-------------------------------------------------------------------------
Delay:               5.631ns (Levels of Logic = 9)
  Source:            a_8 (FF)
  Destination:       a_0 (FF)
  Source Clock:      clk rising
  Destination Clock: clk rising

  Data Path: a_8 to a_0
                                Gate     Net
    Cell:in->out      fanout   Delay   Delay  Logical Name (Net Name)
    ----------------------------------------  ------------
     FDR:C->Q              2   0.626   1.040  a_8 (a_8)
     LUT4:I0->O            1   0.479   0.000  a_cmp_eq0000_wg_lut<0> (a_cmp_eq0000_wg_lut<0>)
     MUXCY:S->O            1   0.435   0.000  a_cmp_eq0000_wg_cy<0> (a_cmp_eq0000_wg_cy<0>)
     MUXCY:CI->O           1   0.056   0.000  a_cmp_eq0000_wg_cy<1> (a_cmp_eq0000_wg_cy<1>)
     MUXCY:CI->O           1   0.056   0.000  a_cmp_eq0000_wg_cy<2> (a_cmp_eq0000_wg_cy<2>)
     MUXCY:CI->O           1   0.056   0.000  a_cmp_eq0000_wg_cy<3> (a_cmp_eq0000_wg_cy<3>)
     MUXCY:CI->O           1   0.056   0.000  a_cmp_eq0000_wg_cy<4> (a_cmp_eq0000_wg_cy<4>)
     MUXCY:CI->O           1   0.056   0.000  a_cmp_eq0000_wg_cy<5> (a_cmp_eq0000_wg_cy<5>)
     MUXCY:CI->O           1   0.056   0.000  a_cmp_eq0000_wg_cy<6> (a_cmp_eq0000_wg_cy<6>)
     MUXCY:CI->O          33   0.246   1.580  a_cmp_eq0000_wg_cy<7> (a_cmp_eq0000)
     FDR:R                     0.892          a_0
    ----------------------------------------
    Total                      5.631ns (3.011ns logic, 2.620ns route)
                                       (53.5% logic, 46.5% route)

=========================================================================
Timing constraint: Default period analysis for Clock 'reloj'
  Clock period: 2.912ns (frequency: 343.389MHz)
  Total number of paths / destination ports: 42 / 11
-------------------------------------------------------------------------
Delay:               2.912ns (Levels of Logic = 1)
  Source:            count_0 (FF)
  Destination:       count_0 (FF)
  Source Clock:      reloj rising
  Destination Clock: reloj rising

  Data Path: count_0 to count_0
                                Gate     Net
    Cell:in->out      fanout   Delay   Delay  Logical Name (Net Name)
    ----------------------------------------  ------------
     FDR:C->Q             12   0.626   0.950  count_0 (count_0)
     INV:I->O              1   0.479   0.681  Mcount_count_xor<0>11_INV_0 (Result<0>1)
     FDR:D                     0.176          count_0
    ----------------------------------------
    Total                      2.912ns (1.281ns logic, 1.631ns route)
                                       (44.0% logic, 56.0% route)

=========================================================================
Timing constraint: Default OFFSET IN BEFORE for Clock 'reloj'
  Total number of paths / destination ports: 7 / 7
-------------------------------------------------------------------------
Offset:              2.386ns (Levels of Logic = 1)
  Source:            reset (PAD)
  Destination:       count_0 (FF)
  Destination Clock: reloj rising

  Data Path: reset to count_0
                                Gate     Net
    Cell:in->out      fanout   Delay   Delay  Logical Name (Net Name)
    ----------------------------------------  ------------
     IBUF:I->O             4   0.715   0.779  reset_IBUF (reset_IBUF)
     FDR:R                     0.892          count_0
    ----------------------------------------
    Total                      2.386ns (1.607ns logic, 0.779ns route)
                                       (67.3% logic, 32.7% route)

=========================================================================
Timing constraint: Default OFFSET OUT AFTER for Clock 'reloj'
  Total number of paths / destination ports: 7 / 7
-------------------------------------------------------------------------
Offset:              6.216ns (Levels of Logic = 1)
  Source:            vis_6 (FF)
  Destination:       vis<6> (PAD)
  Source Clock:      reloj rising

  Data Path: vis_6 to vis<6>
                                Gate     Net
    Cell:in->out      fanout   Delay   Delay  Logical Name (Net Name)
    ----------------------------------------  ------------
     FD:C->Q               1   0.626   0.681  vis_6 (vis_6)
     OBUF:I->O                 4.909          vis_6_OBUF (vis<6>)
    ----------------------------------------
    Total                      6.216ns (5.535ns logic, 0.681ns route)
                                       (89.0% logic, 11.0% route)

=========================================================================
Timing constraint: Default path analysis
  Total number of paths / destination ports: 8 / 4
-------------------------------------------------------------------------
Delay:               7.858ns (Levels of Logic = 3)
  Source:            v0 (PAD)
  Destination:       seg<3> (PAD)

  Data Path: v0 to seg<3>
                                Gate     Net
    Cell:in->out      fanout   Delay   Delay  Logical Name (Net Name)
    ----------------------------------------  ------------
     IBUF:I->O             4   0.715   1.074  v0_IBUF (v0_IBUF)
     LUT2:I0->O            1   0.479   0.681  Mdecod_seg31 (seg_3_OBUF)
     OBUF:I->O                 4.909          seg_3_OBUF (seg<3>)
    ----------------------------------------
    Total                      7.858ns (6.103ns logic, 1.755ns route)
                                       (77.7% logic, 22.3% route)

=========================================================================


Total REAL time to Xst completion: 6.00 secs
Total CPU time to Xst completion: 5.84 secs
 
--> 

Total memory usage is 144700 kilobytes

Number of errors   :    0 (   0 filtered)
Number of warnings :    1 (   0 filtered)
Number of infos    :    2 (   0 filtered)

