INFO:Timing:3284 - This timing report was generated using estimated delay 
   information.  For accurate numbers, please refer to the post Place and Route 
   timing report.
Asterisk (*) preceding a constraint indicates it was not met.
   This may be due to a setup or hold violation.

------------------------------------------------------------------------------------------------------
  Constraint                                |  Check  | Worst Case |  Best Case | Timing |   Timing   
                                            |         |    Slack   | Achievable | Errors |    Score   
------------------------------------------------------------------------------------------------------
  Autotimespec constraint for clock net clo | SETUP   |         N/A|     5.105ns|     N/A|           0
  ck_BUFGP                                  | HOLD    |     0.770ns|            |       0|           0
------------------------------------------------------------------------------------------------------
  Autotimespec constraint for clock net mod | SETUP   |         N/A|     8.766ns|     N/A|         556
  ulo5/reloj4                               | HOLD    |     0.970ns|            |       0|           0
------------------------------------------------------------------------------------------------------
  Autotimespec constraint for clock net mod | SETUP   |         N/A|     3.527ns|     N/A|           0
  ulo7/nclk                                 | HOLD    |     0.879ns|            |       0|           0
------------------------------------------------------------------------------------------------------


1 constraint not met.
INFO:Timing:2761 - N/A entries in the Constraints list may indicate that the 
   constraint does not cover any paths or that it has no requested value.


